<?xml version="1.0" encoding="UTF-8"?>
<!-- Generated by org.testng.reporters.JUnitXMLReporter -->
<testsuite hostname="DESKTOP-NPTJ03E" ignored="0" name="themoviedb List Tests" tests="7" failures="0" timestamp="2020-10-05T14:42:10 CEST" time="8.872" errors="0">
  <testcase name="createListTest" time="2.091" classname="org.themoviedb.qa.tests.ListTests"/>
  <testcase name="addItemsTest" time="1.203" classname="org.themoviedb.qa.tests.ListTests"/>
  <testcase name="updateListTest" time="1.091" classname="org.themoviedb.qa.tests.ListTests"/>
  <testcase name="updateItemsTest" time="1.075" classname="org.themoviedb.qa.tests.ListTests"/>
  <testcase name="removeListItemsTest" time="1.066" classname="org.themoviedb.qa.tests.ListTests"/>
  <testcase name="clearListTest" time="1.054" classname="org.themoviedb.qa.tests.ListTests"/>
  <testcase name="deleteListTest" time="1.207" classname="org.themoviedb.qa.tests.ListTests"/>
</testsuite> <!-- themoviedb List Tests -->
