<?xml version="1.0" encoding="UTF-8"?>
<testng-results skipped="0" failed="0" ignored="0" total="7" passed="7">
  <reporter-output>
  </reporter-output>
  <suite name="The Movie DB" duration-ms="8872" started-at="2020-10-05T14:42:01 CEST" finished-at="2020-10-05T14:42:10 CEST">
    <groups>
    </groups>
    <test name="themoviedb List Tests" duration-ms="8872" started-at="2020-10-05T14:42:01 CEST" finished-at="2020-10-05T14:42:10 CEST">
      <class name="org.themoviedb.qa.tests.ListTests">
        <test-method status="PASS" signature="getAccessToken()[pri:0, instance:org.themoviedb.qa.tests.ListTests@1877ab81]" name="getAccessToken" is-config="true" duration-ms="16781" started-at="2020-10-05T14:41:44 CEST" finished-at="2020-10-05T14:42:01 CEST">
          <reporter-output>
          </reporter-output>
        </test-method> <!-- getAccessToken -->
        <test-method status="PASS" signature="createListTest()[pri:0, instance:org.themoviedb.qa.tests.ListTests@1877ab81]" name="createListTest" duration-ms="2091" started-at="2020-10-05T14:42:01 CEST" finished-at="2020-10-05T14:42:03 CEST">
          <reporter-output>
          </reporter-output>
        </test-method> <!-- createListTest -->
        <test-method status="PASS" signature="addItemsTest()[pri:0, instance:org.themoviedb.qa.tests.ListTests@1877ab81]" name="addItemsTest" duration-ms="1203" started-at="2020-10-05T14:42:03 CEST" depends-on-methods="org.themoviedb.qa.tests.ListTests.createListTest" finished-at="2020-10-05T14:42:04 CEST">
          <reporter-output>
          </reporter-output>
        </test-method> <!-- addItemsTest -->
        <test-method status="PASS" signature="updateListTest()[pri:0, instance:org.themoviedb.qa.tests.ListTests@1877ab81]" name="updateListTest" duration-ms="1091" started-at="2020-10-05T14:42:04 CEST" depends-on-methods="org.themoviedb.qa.tests.ListTests.createListTest" finished-at="2020-10-05T14:42:05 CEST">
          <reporter-output>
          </reporter-output>
        </test-method> <!-- updateListTest -->
        <test-method status="PASS" signature="updateItemsTest()[pri:0, instance:org.themoviedb.qa.tests.ListTests@1877ab81]" name="updateItemsTest" duration-ms="1075" started-at="2020-10-05T14:42:05 CEST" depends-on-methods="org.themoviedb.qa.tests.ListTests.addItemsTest, org.themoviedb.qa.tests.ListTests.createListTest" finished-at="2020-10-05T14:42:06 CEST">
          <reporter-output>
          </reporter-output>
        </test-method> <!-- updateItemsTest -->
        <test-method status="PASS" signature="removeListItemsTest()[pri:0, instance:org.themoviedb.qa.tests.ListTests@1877ab81]" name="removeListItemsTest" duration-ms="1066" started-at="2020-10-05T14:42:06 CEST" depends-on-methods="org.themoviedb.qa.tests.ListTests.addItemsTest, org.themoviedb.qa.tests.ListTests.createListTest, org.themoviedb.qa.tests.ListTests.updateItemsTest" finished-at="2020-10-05T14:42:07 CEST">
          <reporter-output>
          </reporter-output>
        </test-method> <!-- removeListItemsTest -->
        <test-method status="PASS" signature="clearListTest()[pri:0, instance:org.themoviedb.qa.tests.ListTests@1877ab81]" name="clearListTest" duration-ms="1054" started-at="2020-10-05T14:42:07 CEST" depends-on-methods="org.themoviedb.qa.tests.ListTests.addItemsTest, org.themoviedb.qa.tests.ListTests.removeListItemsTest, org.themoviedb.qa.tests.ListTests.createListTest, org.themoviedb.qa.tests.ListTests.updateItemsTest" finished-at="2020-10-05T14:42:08 CEST">
          <reporter-output>
          </reporter-output>
        </test-method> <!-- clearListTest -->
        <test-method status="PASS" signature="deleteListTest()[pri:0, instance:org.themoviedb.qa.tests.ListTests@1877ab81]" name="deleteListTest" duration-ms="1207" started-at="2020-10-05T14:42:08 CEST" depends-on-methods="org.themoviedb.qa.tests.ListTests.addItemsTest, org.themoviedb.qa.tests.ListTests.removeListItemsTest, org.themoviedb.qa.tests.ListTests.createListTest, org.themoviedb.qa.tests.ListTests.updateItemsTest" finished-at="2020-10-05T14:42:10 CEST">
          <reporter-output>
          </reporter-output>
        </test-method> <!-- deleteListTest -->
        <test-method status="PASS" signature="deleteAccessToken()[pri:0, instance:org.themoviedb.qa.tests.ListTests@1877ab81]" name="deleteAccessToken" is-config="true" duration-ms="0" started-at="2020-10-05T14:42:10 CEST" finished-at="2020-10-05T14:42:10 CEST">
          <reporter-output>
          </reporter-output>
        </test-method> <!-- deleteAccessToken -->
      </class> <!-- org.themoviedb.qa.tests.ListTests -->
    </test> <!-- themoviedb List Tests -->
  </suite> <!-- The Movie DB -->
</testng-results>
